<?xml version="1.0" encoding="UTF-8"?><testsuite errors="0" failures="2" name="org.icrc.fadapplic.IRIS.FAD.GeneralLedger.GeneralLedgerEntries" skipped="0" tests="2" time="175.97" timestamp="2023-02-17 04:49:07"><testcase classname="org.icrc.fadapplic.IRIS.FAD.GeneralLedger.GeneralLedgerEntries" name="Create general ledger entry using sustainability accounts"><failure message="expected:&lt;[,]PREMISE CODE/CONSUMP...&gt; but was:&lt;[]PREMISE CODE/CONSUMP...&gt;" type="org.junit.ComparisonFailure">expected:&lt;[,]PREMISE CODE/CONSUMP...&gt; but was:&lt;[]PREMISE CODE/CONSUMP...&gt;</failure><system-err>expected:&lt;[,]PREMISE CODE/CONSUMP...&gt; but was:&lt;[]PREMISE CODE/CONSUMP...&gt;&#13;
steps.IRIS.FAD.GeneralLedgerEntrySteps.then_the_Line_Description_placeholder_should_be(GeneralLedgerEntrySteps.java:137)&#13;
org.icrc.fadapplic.IRIS.FAD.GeneralLedger.GeneralLedgerEntries.createGeneralLedgerEntryUsingSustainabilityAccounts(GeneralLedgerEntries.java:172)&#13;
</system-err></testcase><testcase classname="org.icrc.fadapplic.IRIS.FAD.GeneralLedger.GeneralLedgerEntries" name="Create general ledger entry"><failure message="expected:&lt;G/L [Distribu]tion&gt; but was:&lt;G/L [Header Informa]tion&gt;" type="org.junit.ComparisonFailure">expected:&lt;G/L [Distribu]tion&gt; but was:&lt;G/L [Header Informa]tion&gt;</failure><system-err>expected:&lt;G/L [Distribu]tion&gt; but was:&lt;G/L [Header Informa]tion&gt;&#13;
steps.IRIS.FAD.GeneralLedgerEntrySteps.then_the_GL_Distribution_page_should_show_up(GeneralLedgerEntrySteps.java:93)&#13;
org.icrc.fadapplic.IRIS.FAD.GeneralLedger.GeneralLedgerEntries.createGeneralLedgerEntry(GeneralLedgerEntries.java:309)&#13;
</system-err></testcase></testsuite>