<?xml version="1.0" encoding="UTF-8"?><testsuite errors="1" failures="0" name="org.icrc.fadapplic.IRIS.FAD.GeneralLedger.BatchPosting" skipped="0" tests="2" time="388.35" timestamp="2023-02-17 04:42:36"><testcase classname="org.icrc.fadapplic.IRIS.FAD.GeneralLedger.BatchPosting" name="Batch posting voiding process"/><testcase classname="org.icrc.fadapplic.IRIS.FAD.GeneralLedger.BatchPosting" name="Batch posting general ledger entry"><error message="no such element: Unable to locate element: {&quot;method&quot;:&quot;xpath&quot;,&quot;selector&quot;:&quot;.//button[.//span[contains(text(), 'See more')]] | .//a[contains(text(), 'See more')] | //button//span[contains(.,'See more')] | .//a//span[contains(.,'See more')] | .//div//span[contains(.,'See more')]&quot;}&#10;  (Session info: headless chrome=109.0.5414.122)&#10;For documentation on this error, please visit: https://www.seleniumhq.org/exceptions/no_such_element.html&#10;Build info: version: '3.141.59', revision: 'e82be7d358', time: '2018-11-14T08:17:03'&#10;System info: host: 'PCS13345', ip: '192.168.55.102', os.name: 'Windows 10', os.arch: 'amd64', os.version: '10.0', java.version: '1.8.0_291'&#10;Driver info: org.openqa.selenium.chrome.ChromeDriver&#10;Capabilities {acceptInsecureCerts: false, browserName: chrome, browserVersion: 109.0.5414.122, chrome: {chromedriverVersion: 109.0.5414.74 (e7c5703604da..., userDataDir: C:\Users\A734509\AppData\Lo...}, goog:chromeOptions: {debuggerAddress: localhost:58897}, javascriptEnabled: true, networkConnectionEnabled: false, pageLoadStrategy: normal, platform: WINDOWS, platformName: WINDOWS, proxy: Proxy(), setWindowRect: true, strictFileInteractability: false, timeouts: {implicit: 0, pageLoad: 300000, script: 30000}, unhandledPromptBehavior: dismiss and notify, webauthn:extension:credBlob: true, webauthn:extension:largeBlob: true, webauthn:virtualAuthenticators: true}&#10;Session ID: aac10eda88f43861cc91946f50820cb3&#10;*** Element info: {Using=xpath, value=.//button[.//span[contains(text(), 'See more')]] | .//a[contains(text(), 'See more')] | //button//span[contains(.,'See more')] | .//a//span[contains(.,'See more')] | .//div//span[contains(.,'See more')]}" type="org.openqa.selenium.NoSuchElementException">no such element: Unable to locate element: {"method":"xpath","selector":".//button[.//span[contains(text(), 'See more')]] | .//a[contains(text(), 'See more')] | //button//span[contains(.,'See more')] | .//a//span[contains(.,'See more')] | .//div//span[contains(.,'See more')]"}
  (Session info: headless chrome=109.0.5414.122)
For documentation on this error, please visit: https://www.seleniumhq.org/exceptions/no_such_element.html
Build info: version: '3.141.59', revision: 'e82be7d358', time: '2018-11-14T08:17:03'
System info: host: 'PCS13345', ip: '192.168.55.102', os.name: 'Windows 10', os.arch: 'amd64', os.version: '10.0', java.version: '1.8.0_291'
Driver info: org.openqa.selenium.chrome.ChromeDriver
Capabilities {acceptInsecureCerts: false, browserName: chrome, browserVersion: 109.0.5414.122, chrome: {chromedriverVersion: 109.0.5414.74 (e7c5703604da..., userDataDir: C:\Users\A734509\AppData\Lo...}, goog:chromeOptions: {debuggerAddress: localhost:58897}, javascriptEnabled: true, networkConnectionEnabled: false, pageLoadStrategy: normal, platform: WINDOWS, platformName: WINDOWS, proxy: Proxy(), setWindowRect: true, strictFileInteractability: false, timeouts: {implicit: 0, pageLoad: 300000, script: 30000}, unhandledPromptBehavior: dismiss and notify, webauthn:extension:credBlob: true, webauthn:extension:largeBlob: true, webauthn:virtualAuthenticators: true}
Session ID: aac10eda88f43861cc91946f50820cb3
*** Element info: {Using=xpath, value=.//button[.//span[contains(text(), 'See more')]] | .//a[contains(text(), 'See more')] | //button//span[contains(.,'See more')] | .//a//span[contains(.,'See more')] | .//div//span[contains(.,'See more')]}</error><system-err>no such element: Unable to locate element: {"method":"xpath","selector":".//button[.//span[contains(text(), 'See more')]] | .//a[contains(text(), 'See more')] | //button//span[contains(.,'See more')] | .//a//span[contains(.,'See more')] | .//div//span[contains(.,'See more')]"}
  (Session info: headless chrome=109.0.5414.122)
For documentation on this error, please visit: https://www.seleniumhq.org/exceptions/no_such_element.html
Build info: version: '3.141.59', revision: 'e82be7d358', time: '2018-11-14T08:17:03'
System info: host: 'PCS13345', ip: '192.168.55.102', os.name: 'Windows 10', os.arch: 'amd64', os.version: '10.0', java.version: '1.8.0_291'
Driver info: org.openqa.selenium.chrome.ChromeDriver
Capabilities {acceptInsecureCerts: false, browserName: chrome, browserVersion: 109.0.5414.122, chrome: {chromedriverVersion: 109.0.5414.74 (e7c5703604da..., userDataDir: C:\Users\A734509\AppData\Lo...}, goog:chromeOptions: {debuggerAddress: localhost:58897}, javascriptEnabled: true, networkConnectionEnabled: false, pageLoadStrategy: normal, platform: WINDOWS, platformName: WINDOWS, proxy: Proxy(), setWindowRect: true, strictFileInteractability: false, timeouts: {implicit: 0, pageLoad: 300000, script: 30000}, unhandledPromptBehavior: dismiss and notify, webauthn:extension:credBlob: true, webauthn:extension:largeBlob: true, webauthn:virtualAuthenticators: true}
Session ID: aac10eda88f43861cc91946f50820cb3
*** Element info: {Using=xpath, value=.//button[.//span[contains(text(), 'See more')]] | .//a[contains(text(), 'See more')] | //button//span[contains(.,'See more')] | .//a//span[contains(.,'See more')] | .//div//span[contains(.,'See more')]}&#13;
pageobjects.IRIS.LOG.Helpers.GenericPage.scrollIntoView(GenericPage.java:312)&#13;
pageobjects.IRIS.LOG.Helpers.GenericPage.clickElement(GenericPage.java:194)&#13;
pageobjects.IRIS.LOG.Helpers.GenericPage.clickLabeledButton(GenericPage.java:286)&#13;
pageobjects.IRIS.FAD.BatchPostingPage.clickSeeMoreButton(BatchPostingPage.java:24)&#13;
steps.IRIS.FAD.BatchPostingSteps.when_I_click_See_More_button(BatchPostingSteps.java:36)&#13;
org.icrc.fadapplic.IRIS.FAD.GeneralLedger.BatchPosting.batchPostingGeneralLedgerEntry(BatchPosting.java:85)&#13;
</system-err></testcase></testsuite>