<?xml version="1.0" encoding="UTF-8"?><testsuite errors="1" failures="0" name="org.icrc.fadapplic.IRIS.FAD.AccountsPayable.Redistribution" skipped="0" tests="3" time="469.46" timestamp="2023-02-06 05:57:20"><testcase classname="org.icrc.fadapplic.IRIS.FAD.AccountsPayable.Redistribution" name="Pre logging GL distribution current year"/><testcase classname="org.icrc.fadapplic.IRIS.FAD.AccountsPayable.Redistribution" name="Pre logging GL distribution prior year"/><testcase classname="org.icrc.fadapplic.IRIS.FAD.AccountsPayable.Redistribution" name="Voucher match with tolerance"><error message="Expected condition failed: waiting for visibility of all elements located by By.xpath:  .//div[contains(@class, 'form-item')][span[text()='Supplier']]//div[contains(@class, 'Select-option')] | .//div[contains(@class, 'form-item')][span[contains(text(), 'Supplier')]]//div[contains(@class, 'Select-option')] (tried for 120 second(s) with 100 milliseconds interval)&#10;Build info: version: '3.141.59', revision: 'e82be7d358', time: '2018-11-14T08:17:03'&#10;System info: host: 'PCS13345', ip: '192.168.55.103', os.name: 'Windows 10', os.arch: 'amd64', os.version: '10.0', java.version: '1.8.0_291'&#10;Driver info: net.thucydides.core.webdriver.WebDriverFacade" type="org.openqa.selenium.TimeoutException">Expected condition failed: waiting for visibility of all elements located by By.xpath:  .//div[contains(@class, 'form-item')][span[text()='Supplier']]//div[contains(@class, 'Select-option')] | .//div[contains(@class, 'form-item')][span[contains(text(), 'Supplier')]]//div[contains(@class, 'Select-option')] (tried for 120 second(s) with 100 milliseconds interval)
Build info: version: '3.141.59', revision: 'e82be7d358', time: '2018-11-14T08:17:03'
System info: host: 'PCS13345', ip: '192.168.55.103', os.name: 'Windows 10', os.arch: 'amd64', os.version: '10.0', java.version: '1.8.0_291'
Driver info: net.thucydides.core.webdriver.WebDriverFacade</error><system-err>Expected condition failed: waiting for visibility of all elements located by By.xpath:  .//div[contains(@class, 'form-item')][span[text()='Supplier']]//div[contains(@class, 'Select-option')] | .//div[contains(@class, 'form-item')][span[contains(text(), 'Supplier')]]//div[contains(@class, 'Select-option')] (tried for 120 second(s) with 100 milliseconds interval)
Build info: version: '3.141.59', revision: 'e82be7d358', time: '2018-11-14T08:17:03'
System info: host: 'PCS13345', ip: '192.168.55.103', os.name: 'Windows 10', os.arch: 'amd64', os.version: '10.0', java.version: '1.8.0_291'
Driver info: net.thucydides.core.webdriver.WebDriverFacade&#13;
utils.ExplicitWait.explicitlyWaitForVisibilityOfAllElements(ExplicitWait.java:94)&#13;
pageobjects.IRIS.FAD.FADGenericPage.selectDropdownOption(FADGenericPage.java:81)&#13;
pageobjects.IRIS.FAD.FADGenericPage.selectDropdownOption(FADGenericPage.java:117)&#13;
pageobjects.IRIS.FAD.FADGenericPage.typeAndSelectLabeledDropdownOption(FADGenericPage.java:201)&#13;
pageobjects.IRIS.FAD.PreLoggingPage.setSupplier(PreLoggingPage.java:9)&#13;
steps.IRIS.FAD.PreLoggingSteps.when_I_set_the_Supplier(PreLoggingSteps.java:32)&#13;
org.icrc.fadapplic.IRIS.FAD.AccountsPayable.Redistribution.voucherMatchWithTolerance(Redistribution.java:63)&#13;
</system-err></testcase></testsuite>