<?xml version="1.0" encoding="UTF-8"?><testsuite errors="0" failures="0" name="org.icrc.fadapplic.IRIS.FAD.AccountsPayable.PreRegistration" skipped="0" tests="6" time="853.87" timestamp="2023-01-24 03:12:59"><testcase classname="org.icrc.fadapplic.IRIS.FAD.AccountsPayable.PreRegistration" name="Pre logging and gl distribution voucher match"/><testcase classname="org.icrc.fadapplic.IRIS.FAD.AccountsPayable.PreRegistration" name="Pre logging multi docs"/><testcase classname="org.icrc.fadapplic.IRIS.FAD.AccountsPayable.PreRegistration" name="Pre logging"/><testcase classname="org.icrc.fadapplic.IRIS.FAD.AccountsPayable.PreRegistration" name="Pre logging with tax rate rounded"/><testcase classname="org.icrc.fadapplic.IRIS.FAD.AccountsPayable.PreRegistration" name="Pre logging simple"/><testcase classname="org.icrc.fadapplic.IRIS.FAD.AccountsPayable.PreRegistration" name="Pre logging with tax rate"/></testsuite>