<?xml version="1.0" encoding="UTF-8"?><testsuite errors="0" failures="1" name="org.icrc.fadapplic.IRIS.FAD.GeneralLedger.AnnualStatisticalBudget" skipped="0" tests="1" time="52.06" timestamp="2023-01-24 05:59:43"><testcase classname="org.icrc.fadapplic.IRIS.FAD.GeneralLedger.AnnualStatisticalBudget" name="Create annual statistical entry"><failure message="expected:&lt;Statistical Entry [Details - A]nual Budget&gt; but was:&lt;Statistical Entry [- An]nual Budget&gt;" type="org.junit.ComparisonFailure">expected:&lt;Statistical Entry [Details - A]nual Budget&gt; but was:&lt;Statistical Entry [- An]nual Budget&gt;</failure><system-err>expected:&lt;Statistical Entry [Details - A]nual Budget&gt; but was:&lt;Statistical Entry [- An]nual Budget&gt;&#13;
steps.IRIS.FAD.AnnualStatisticalBudgetSteps.then_the_Statistical_Entry_Annual_Details_page_should_show_up(AnnualStatisticalBudgetSteps.java:34)&#13;
org.icrc.fadapplic.IRIS.FAD.GeneralLedger.AnnualStatisticalBudget.createAnnualStatisticalEntry(AnnualStatisticalBudget.java:46)&#13;
</system-err></testcase></testsuite>