<?xml version="1.0" encoding="UTF-8"?><testsuite errors="0" failures="0" name="org.icrc.fadapplic.IRIS.FAD.LeaseManagement.LeaseCreation" skipped="3" tests="3" time="1.23" timestamp="2023-02-21 05:17:43"><testcase classname="org.icrc.fadapplic.IRIS.FAD.LeaseManagement.LeaseCreation" name="Create and edit pending lease"><skipped/></testcase><testcase classname="org.icrc.fadapplic.IRIS.FAD.LeaseManagement.LeaseCreation" name="Create and search pending lease"><skipped/></testcase><testcase classname="org.icrc.fadapplic.IRIS.FAD.LeaseManagement.LeaseCreation" name="Create pending lease"><skipped/></testcase></testsuite>